<?xml version="1.0" encoding="UTF-8"?>
<testng-results total="1" passed="1" failed="0" skipped="0">
  <reporter-output>
  </reporter-output>
  <suite started-at="2023-07-23T11:29:12Z" name="Suite" finished-at="2023-07-23T11:29:28Z" duration-ms="15836">
    <groups>
    </groups>
    <test started-at="2023-07-23T11:29:12Z" name="Test" finished-at="2023-07-23T11:29:28Z" duration-ms="15836">
      <class name="TestScript.CalculatorAppTest">
        <test-method is-config="true" signature="startReport()[pri:0, instance:TestScript.CalculatorAppTest@4145bad8]" started-at="2023-07-23T16:59:12Z" name="startReport" finished-at="2023-07-23T16:59:12Z" duration-ms="162" status="PASS">
          <reporter-output>
          </reporter-output>
        </test-method> <!-- startReport -->
        <test-method is-config="true" signature="setUp()[pri:0, instance:TestScript.CalculatorAppTest@4145bad8]" started-at="2023-07-23T16:59:12Z" name="setUp" finished-at="2023-07-23T16:59:19Z" duration-ms="6937" status="PASS">
          <reporter-output>
          </reporter-output>
        </test-method> <!-- setUp -->
        <test-method signature="basictest()[pri:0, instance:TestScript.CalculatorAppTest@4145bad8]" started-at="2023-07-23T16:59:19Z" name="basictest" finished-at="2023-07-23T16:59:27Z" duration-ms="8006" status="PASS">
          <reporter-output>
          </reporter-output>
        </test-method> <!-- basictest -->
        <test-method is-config="true" signature="getResult(org.testng.ITestResult)[pri:0, instance:TestScript.CalculatorAppTest@4145bad8]" started-at="2023-07-23T16:59:27Z" name="getResult" finished-at="2023-07-23T16:59:27Z" duration-ms="1" status="PASS">
          <params>
            <param index="0">
              <value>
                <![CDATA[[TestResult name=basictest status=SUCCESS method=CalculatorAppTest.basictest()[pri:0, instance:TestScript.CalculatorAppTest@4145bad8] output={null}]]]>
              </value>
            </param>
          </params>
          <reporter-output>
          </reporter-output>
        </test-method> <!-- getResult -->
        <test-method is-config="true" signature="closeDriver()[pri:0, instance:TestScript.CalculatorAppTest@4145bad8]" started-at="2023-07-23T16:59:27Z" name="closeDriver" finished-at="2023-07-23T16:59:28Z" duration-ms="519" status="PASS">
          <reporter-output>
          </reporter-output>
        </test-method> <!-- closeDriver -->
        <test-method is-config="true" signature="endreport()[pri:0, instance:TestScript.CalculatorAppTest@4145bad8]" started-at="2023-07-23T16:59:28Z" name="endreport" finished-at="2023-07-23T16:59:28Z" duration-ms="198" status="PASS">
          <reporter-output>
          </reporter-output>
        </test-method> <!-- endreport -->
      </class> <!-- TestScript.CalculatorAppTest -->
    </test> <!-- Test -->
  </suite> <!-- Suite -->
</testng-results>
