<?xml version="1.0" encoding="UTF-8"?>
<testng-results total="1" passed="1" failed="0" skipped="0">
  <reporter-output>
  </reporter-output>
  <suite started-at="2023-07-23T12:41:39Z" name="Suite" finished-at="2023-07-23T12:41:54Z" duration-ms="15094">
    <groups>
    </groups>
    <test started-at="2023-07-23T12:41:39Z" name="Test" finished-at="2023-07-23T12:41:54Z" duration-ms="15094">
      <class name="TestScript.CalculatorAppTest">
        <test-method is-config="true" signature="startReport()[pri:0, instance:TestScript.CalculatorAppTest@305f031]" started-at="2023-07-23T18:11:39Z" name="startReport" finished-at="2023-07-23T18:11:40Z" duration-ms="106" status="PASS">
          <reporter-output>
          </reporter-output>
        </test-method> <!-- startReport -->
        <test-method is-config="true" signature="setUp()[pri:0, instance:TestScript.CalculatorAppTest@305f031]" started-at="2023-07-23T18:11:40Z" name="setUp" finished-at="2023-07-23T18:11:47Z" duration-ms="7861" status="PASS">
          <reporter-output>
          </reporter-output>
        </test-method> <!-- setUp -->
        <test-method signature="basictest()[pri:0, instance:TestScript.CalculatorAppTest@305f031]" started-at="2023-07-23T18:11:47Z" name="basictest" finished-at="2023-07-23T18:11:54Z" duration-ms="6462" status="PASS">
          <reporter-output>
          </reporter-output>
        </test-method> <!-- basictest -->
        <test-method is-config="true" signature="getResult(org.testng.ITestResult)[pri:0, instance:TestScript.CalculatorAppTest@305f031]" started-at="2023-07-23T18:11:54Z" name="getResult" finished-at="2023-07-23T18:11:54Z" duration-ms="3" status="PASS">
          <params>
            <param index="0">
              <value>
                <![CDATA[[TestResult name=basictest status=SUCCESS method=CalculatorAppTest.basictest()[pri:0, instance:TestScript.CalculatorAppTest@305f031] output={null}]]]>
              </value>
            </param>
          </params>
          <reporter-output>
          </reporter-output>
        </test-method> <!-- getResult -->
        <test-method is-config="true" signature="closeDriver()[pri:0, instance:TestScript.CalculatorAppTest@305f031]" started-at="2023-07-23T18:11:54Z" name="closeDriver" finished-at="2023-07-23T18:11:54Z" duration-ms="427" status="PASS">
          <reporter-output>
          </reporter-output>
        </test-method> <!-- closeDriver -->
        <test-method is-config="true" signature="endreport()[pri:0, instance:TestScript.CalculatorAppTest@305f031]" started-at="2023-07-23T18:11:54Z" name="endreport" finished-at="2023-07-23T18:11:54Z" duration-ms="218" status="PASS">
          <reporter-output>
          </reporter-output>
        </test-method> <!-- endreport -->
      </class> <!-- TestScript.CalculatorAppTest -->
    </test> <!-- Test -->
  </suite> <!-- Suite -->
</testng-results>
